Sep 04, 2015 7:48:21 PM com.sim.central.RoadDesign start
INFO: Starting RoadDesign
Sep 04, 2015 7:48:22 PM com.sim.central.RoadDesign installHandlers
INFO: Installing event handlers for application frame components...
Sep 04, 2015 7:48:22 PM com.sim.central.RoadDesign installHandlers
INFO: Installing event handlers for application frame components...Succeed
Sep 04, 2015 7:48:22 PM com.sim.central.RoadDesign installBuilders
INFO: Installing builders for network components...
Sep 04, 2015 7:48:22 PM com.sim.central.RoadDesign installBuilders
INFO: Installing builders for network components...Succeed
Sep 04, 2015 7:48:22 PM com.sim.network.RoadNetworkController findController
INFO: Building road network controller
Sep 04, 2015 7:48:22 PM com.sim.network.RoadNetworkController findController
INFO: Building road network controller...Succeed
Sep 04, 2015 7:48:22 PM com.sim.central.RoadDesign start
INFO: RoadDesign started
Sep 04, 2015 7:48:38 PM com.sim.central.RoadDesign getXsec
INFO: XSEC: numOfLanes = 1 laneWidth = 12.0 laneSlope = 0.0 shoulderWidth = 1.0 shoulderSlope = 2.0 medianWidth = 20.0
Sep 04, 2015 7:48:38 PM com.sim.gui.handler.MainMouseHandler mouseClicked
INFO: PT_ADD: (-2509.000, -1049.000, 0.000)
Sep 04, 2015 7:48:39 PM com.sim.central.RoadDesign getCurveParam
INFO: CURVE_PARAM: SPEED=35.000 GRADE=0.000 SUPERELEVATION=4.000 
Sep 04, 2015 7:48:39 PM com.sim.gui.handler.MainMouseHandler mouseClicked
INFO: PT_ADD: (-114.000, 1181.000, 0.000)
Sep 04, 2015 7:48:40 PM com.sim.gui.handler.MainMouseHandler mouseClicked
INFO: PT_CLOSE: (-48.000, 969.000, 0.000)
Sep 04, 2015 7:48:52 PM com.sim.central.RoadDesign getXsec
INFO: XSEC: numOfLanes = 1 laneWidth = 12.0 laneSlope = 0.0 shoulderWidth = 1.0 shoulderSlope = 2.0 medianWidth = 20.0
Sep 04, 2015 7:48:52 PM com.sim.gui.handler.MainMouseHandler mouseClicked
INFO: PT_ADD: (-2745.000, 492.000, 0.000)
Sep 04, 2015 7:48:54 PM com.sim.central.RoadDesign getCurveParam
INFO: CURVE_PARAM: SPEED=35.000 GRADE=0.000 SUPERELEVATION=4.000 
Sep 04, 2015 7:48:54 PM com.sim.gui.handler.MainMouseHandler mouseClicked
INFO: PT_ADD: (-415.000, -337.000, 0.000)
Sep 04, 2015 7:48:54 PM com.sim.gui.handler.MainMouseHandler mouseClicked
INFO: PT_CLOSE: (-330.000, -167.000, 0.000)
Sep 04, 2015 7:49:02 PM com.sim.central.RoadDesign confirm
INFO: USER_CHOICE: YES C:\Users\Desktop\Documents\RoadVisualizer\RoadVisualizer\roaddesign is not empty!
Do you want to override these files.
Sep 04, 2015 7:49:03 PM com.sim.io.exporters.basic.BasicHeightMapExporter export
INFO: Height map saved successfully
Sep 04, 2015 7:49:03 PM com.sim.gui.handler.SaveHandler actionPerformed
INFO: Model saved to C:\Users\Desktop\Documents\RoadVisualizer\RoadVisualizer\roaddesign
Sep 04, 2015 7:49:03 PM com.sim.central.RoadDesign$1 run
INFO: Starting the renderer...
Sep 04, 2015 7:49:28 PM com.sim.central.RoadDesign$1 run
INFO: The renderer completes successfully
