9
0
4
833.870	-331.631	-0.920
834.656	-341.600	-0.520
2238.276	-220.813	-0.920
2239.063	-230.782	-0.520
2
0	0.00000	0.00000
1	2.00000	0.00000
3	2.00000	281.75446

0	0.00000	0.00000
3	2.00000	281.75446
2	0.00000	281.75446

7
4
834.656	-341.600	-0.520
834.761	-342.930	-0.493
2239.063	-230.782	-0.520
2239.168	-232.111	-0.493
2
0	0.00000	0.00000
1	1.00000	0.00000
3	1.00000	58.69885

0	0.00000	0.00000
3	1.00000	58.69885
2	0.00000	58.69885

5
4
834.761	-342.930	-0.493
836.702	-367.520	0.000
2239.168	-232.111	-0.493
2241.108	-256.702	0.000
2
0	0.00000	0.00000
1	1.94737	0.00000
3	1.94737	58.69885

0	0.00000	0.00000
3	1.94737	58.69885
2	0.00000	58.69885

6
4
836.702	-367.520	0.000
836.806	-368.849	0.000
2241.108	-256.702	0.000
2241.213	-258.031	0.000
2
0	0.00000	0.00000
1	1.00000	0.00000
3	1.00000	58.69885

0	0.00000	0.00000
3	1.00000	58.69885
2	0.00000	58.69885

1
4
836.806	-368.849	0.000
838.380	-388.787	0.000
2241.213	-258.031	0.000
2242.787	-277.969	0.000
2
0	0.00000	0.00000
1	4.00000	0.00000
3	4.00000	281.75446

0	0.00000	0.00000
3	4.00000	281.75446
2	0.00000	281.75446

7
4
838.380	-388.787	0.000
838.484	-390.116	0.000
2242.787	-277.969	0.000
2242.892	-279.298	0.000
2
0	0.00000	0.00000
1	1.00000	0.00000
3	1.00000	58.69885

0	0.00000	0.00000
3	1.00000	58.69885
2	0.00000	58.69885

5
4
838.484	-390.116	0.000
840.425	-414.707	-0.493
2242.892	-279.298	0.000
2244.832	-303.888	-0.493
2
0	0.00000	0.00000
1	1.94737	0.00000
3	1.94737	58.69885

0	0.00000	0.00000
3	1.94737	58.69885
2	0.00000	58.69885

6
4
840.425	-414.707	-0.493
840.530	-416.036	-0.520
2244.832	-303.888	-0.493
2244.937	-305.218	-0.520
2
0	0.00000	0.00000
1	1.00000	0.00000
3	1.00000	58.69885

0	0.00000	0.00000
3	1.00000	58.69885
2	0.00000	58.69885

0
4
840.530	-416.036	-0.520
841.316	-426.005	-0.920
2244.937	-305.218	-0.520
2245.724	-315.187	-0.920
2
0	0.00000	0.00000
1	2.00000	0.00000
3	2.00000	281.75446

0	0.00000	0.00000
3	2.00000	281.75446
2	0.00000	281.75446

