9
0
4
707.426	-1570.527	-0.200
717.399	-1569.798	0.000
635.758	-589.906	-0.200
645.732	-589.177	0.000
2
0	0.00000	0.00000
1	2.00000	0.00000
3	2.00000	196.64726

0	0.00000	0.00000
3	2.00000	196.64726
2	0.00000	196.64726

7
4
717.399	-1569.798	0.000
718.729	-1569.701	0.000
645.732	-589.177	0.000
647.061	-589.080	0.000
2
0	0.00000	0.00000
1	1.00000	0.00000
3	1.00000	40.96818

0	0.00000	0.00000
3	1.00000	40.96818
2	0.00000	40.96818

5
4
718.729	-1569.701	0.000
730.697	-1568.826	0.000
647.061	-589.080	0.000
659.029	-588.205	0.000
2
0	0.00000	0.00000
1	0.94737	0.00000
3	0.94737	40.96818

0	0.00000	0.00000
3	0.94737	40.96818
2	0.00000	40.96818

6
4
730.697	-1568.826	0.000
732.027	-1568.729	0.000
659.029	-588.205	0.000
660.359	-588.108	0.000
2
0	0.00000	0.00000
1	1.00000	0.00000
3	1.00000	40.96818

0	0.00000	0.00000
3	1.00000	40.96818
2	0.00000	40.96818

1
4
732.027	-1568.729	0.000
751.973	-1567.271	0.000
660.359	-588.108	0.000
680.306	-586.650	0.000
2
0	0.00000	0.00000
1	3.99999	0.00000
3	3.99999	196.64726

0	0.00000	0.00000
3	3.99999	196.64726
2	0.00000	196.64726

7
4
751.973	-1567.271	0.000
753.303	-1567.174	0.000
680.306	-586.650	0.000
681.636	-586.553	0.000
2
0	0.00000	0.00000
1	1.00000	0.00000
3	1.00000	40.96818

0	0.00000	0.00000
3	1.00000	40.96818
2	0.00000	40.96818

5
4
753.303	-1567.174	0.000
765.271	-1566.299	0.000
681.636	-586.553	0.000
693.604	-585.678	0.000
2
0	0.00000	0.00000
1	0.94737	0.00000
3	0.94737	40.96818

0	0.00000	0.00000
3	0.94737	40.96818
2	0.00000	40.96818

6
4
765.271	-1566.299	0.000
766.601	-1566.202	0.000
693.604	-585.678	0.000
694.934	-585.581	0.000
2
0	0.00000	0.00000
1	1.00000	0.00000
3	1.00000	40.96818

0	0.00000	0.00000
3	1.00000	40.96818
2	0.00000	40.96818

0
4
766.601	-1566.202	0.000
776.574	-1565.473	-0.200
694.934	-585.581	0.000
704.907	-584.852	-0.200
2
0	0.00000	0.00000
1	2.00000	0.00000
3	2.00000	196.64726

0	0.00000	0.00000
3	2.00000	196.64726
2	0.00000	196.64726

