9
0
4
607.366	-201.420	-0.200
617.340	-200.692	0.000
502.426	1234.473	-0.200
512.399	1235.202	0.000
2
0	0.00000	0.00000
1	2.00000	0.00000
3	2.00000	287.94464

0	0.00000	0.00000
3	2.00000	287.94464
2	0.00000	287.94464

7
4
617.340	-200.692	0.000
618.669	-200.594	0.000
512.399	1235.202	0.000
513.729	1235.299	0.000
2
0	0.00000	0.00000
1	1.00000	0.00000
3	1.00000	59.98846

0	0.00000	0.00000
3	1.00000	59.98846
2	0.00000	59.98846

5
4
618.669	-200.594	0.000
630.637	-199.720	0.000
513.729	1235.299	0.000
525.697	1236.174	0.000
2
0	0.00000	0.00000
1	0.94737	0.00000
3	0.94737	59.98846

0	0.00000	0.00000
3	0.94737	59.98846
2	0.00000	59.98846

6
4
630.637	-199.720	0.000
631.967	-199.623	0.000
525.697	1236.174	0.000
527.027	1236.271	0.000
2
0	0.00000	0.00000
1	1.00000	0.00000
3	1.00000	59.98846

0	0.00000	0.00000
3	1.00000	59.98846
2	0.00000	59.98846

1
4
631.967	-199.623	0.000
651.914	-198.165	0.000
527.027	1236.271	0.000
546.973	1237.729	0.000
2
0	0.00000	0.00000
1	4.00000	0.00000
3	4.00000	287.94464

0	0.00000	0.00000
3	4.00000	287.94464
2	0.00000	287.94464

7
4
651.914	-198.165	0.000
653.244	-198.068	0.000
546.973	1237.729	0.000
548.303	1237.826	0.000
2
0	0.00000	0.00000
1	1.00000	0.00000
3	1.00000	59.98846

0	0.00000	0.00000
3	1.00000	59.98846
2	0.00000	59.98846

5
4
653.244	-198.068	0.000
665.212	-197.193	0.000
548.303	1237.826	0.000
560.271	1238.701	0.000
2
0	0.00000	0.00000
1	0.94737	0.00000
3	0.94737	59.98846

0	0.00000	0.00000
3	0.94737	59.98846
2	0.00000	59.98846

6
4
665.212	-197.193	0.000
666.542	-197.096	0.000
560.271	1238.701	0.000
561.601	1238.798	0.000
2
0	0.00000	0.00000
1	1.00000	0.00000
3	1.00000	59.98846

0	0.00000	0.00000
3	1.00000	59.98846
2	0.00000	59.98846

0
4
666.542	-197.096	0.000
676.515	-196.367	-0.200
561.601	1238.798	0.000
571.574	1239.527	-0.200
2
0	0.00000	0.00000
1	2.00000	0.00000
3	2.00000	287.94464

0	0.00000	0.00000
3	2.00000	287.94464
2	0.00000	287.94464

